[debug] [2025-05-16T15:32:59.681Z] ----------------------------------------------------------------------
[debug] [2025-05-16T15:32:59.684Z] Command:       /Users/xyz/.nvm/versions/node/v22.13.1/bin/node /Users/xyz/.nvm/versions/node/v22.13.1/bin/firebase deploy
[debug] [2025-05-16T15:32:59.684Z] CLI Version:   13.31.1
[debug] [2025-05-16T15:32:59.684Z] Platform:      darwin
[debug] [2025-05-16T15:32:59.684Z] Node Version:  v22.13.1
[debug] [2025-05-16T15:32:59.684Z] Time:          Fri May 16 2025 11:32:59 GMT-0400 (Eastern Daylight Time)
[debug] [2025-05-16T15:32:59.684Z] ----------------------------------------------------------------------
[debug] 
[debug] [2025-05-16T15:32:59.757Z] > command requires scopes: ["email","openid","https://www.googleapis.com/auth/cloudplatformprojects.readonly","https://www.googleapis.com/auth/firebase","https://www.googleapis.com/auth/cloud-platform"]
[debug] [2025-05-16T15:32:59.757Z] > authorizing via signed-in user (anthonyrobledo@gmail.com)
[debug] [2025-05-16T15:32:59.757Z] [iam] checking project reploid for permissions ["firebase.projects.get","firebasehosting.sites.update"]
[debug] [2025-05-16T15:32:59.757Z] Checked if tokens are valid: false, expires at: 1747406281694
[debug] [2025-05-16T15:32:59.758Z] Checked if tokens are valid: false, expires at: 1747406281694
[debug] [2025-05-16T15:32:59.758Z] > refreshing access token with scopes: []
[debug] [2025-05-16T15:32:59.758Z] >>> [apiv2][query] POST https://www.googleapis.com/oauth2/v3/token [none]
[debug] [2025-05-16T15:32:59.758Z] >>> [apiv2][body] POST https://www.googleapis.com/oauth2/v3/token [omitted]
[debug] [2025-05-16T15:33:00.034Z] <<< [apiv2][status] POST https://www.googleapis.com/oauth2/v3/token 200
[debug] [2025-05-16T15:33:00.034Z] <<< [apiv2][body] POST https://www.googleapis.com/oauth2/v3/token [omitted]
[debug] [2025-05-16T15:33:00.043Z] >>> [apiv2][query] POST https://cloudresourcemanager.googleapis.com/v1/projects/reploid:testIamPermissions [none]
[debug] [2025-05-16T15:33:00.043Z] >>> [apiv2][(partial)header] POST https://cloudresourcemanager.googleapis.com/v1/projects/reploid:testIamPermissions x-goog-quota-user=projects/reploid
[debug] [2025-05-16T15:33:00.043Z] >>> [apiv2][body] POST https://cloudresourcemanager.googleapis.com/v1/projects/reploid:testIamPermissions {"permissions":["firebase.projects.get","firebasehosting.sites.update"]}
[debug] [2025-05-16T15:33:00.396Z] <<< [apiv2][status] POST https://cloudresourcemanager.googleapis.com/v1/projects/reploid:testIamPermissions 200
[debug] [2025-05-16T15:33:00.397Z] <<< [apiv2][body] POST https://cloudresourcemanager.googleapis.com/v1/projects/reploid:testIamPermissions {"permissions":["firebase.projects.get","firebasehosting.sites.update"]}
[debug] [2025-05-16T15:33:00.397Z] Checked if tokens are valid: true, expires at: 1747413179034
[debug] [2025-05-16T15:33:00.397Z] Checked if tokens are valid: true, expires at: 1747413179034
[debug] [2025-05-16T15:33:00.398Z] >>> [apiv2][query] GET https://firebase.googleapis.com/v1beta1/projects/reploid [none]
[debug] [2025-05-16T15:33:00.851Z] <<< [apiv2][status] GET https://firebase.googleapis.com/v1beta1/projects/reploid 200
[debug] [2025-05-16T15:33:00.852Z] <<< [apiv2][body] GET https://firebase.googleapis.com/v1beta1/projects/reploid {"projectId":"reploid","projectNumber":"506730551098","displayName":"reploid","name":"projects/reploid","resources":{"hostingSite":"reploid"},"state":"ACTIVE","etag":"1_5b320181-b0f7-480a-9455-f164506bf366"}
[info] 
[info] === Deploying to 'reploid'...
[info] 
[info] i  deploying hosting 
[debug] [2025-05-16T15:33:00.859Z] Checked if tokens are valid: true, expires at: 1747413179034
[debug] [2025-05-16T15:33:00.859Z] Checked if tokens are valid: true, expires at: 1747413179034
[debug] [2025-05-16T15:33:00.860Z] >>> [apiv2][query] POST https://firebasehosting.googleapis.com/v1beta1/projects/-/sites/reploid/versions [none]
[debug] [2025-05-16T15:33:00.860Z] >>> [apiv2][body] POST https://firebasehosting.googleapis.com/v1beta1/projects/-/sites/reploid/versions {"status":"CREATED","labels":{"deployment-tool":"cli-firebase"}}
